[2020-10-09 12:44:34] Executing startup tasks
[2020-10-09 12:44:34] Java(TM) SE Runtime Environment 13.0.2+8
[2020-10-09 12:44:34] Product self.product.version
[2020-10-09 12:44:34] Workspace C:\Users\stein\OneDrive\Desktop\HR\2020_haust\MDSE\runtime-EclipseXtext
[2020-10-09 12:44:34] Bundle org.eclipse.oomph.setup 1.16.0.v20200105-1257, build=4498, branch=38f2c890a1185b53e8030f8fc331e19b6a71efe6
[2020-10-09 12:44:34] Bundle org.eclipse.oomph.setup.core 1.16.0.v20200110-0857, build=4498, branch=38f2c890a1185b53e8030f8fc331e19b6a71efe6
[2020-10-09 12:44:34] Bundle org.eclipse.oomph.setup.p2 1.14.0.v20200102-0955, build=4498, branch=38f2c890a1185b53e8030f8fc331e19b6a71efe6
[2020-10-09 12:44:34] Performing Preference /instance/org.eclipse.core.resources/encoding
[2020-10-09 12:44:34] Performing Preference /instance/org.eclipse.ui.editors/lineNumberRuler = true
[2020-10-09 12:44:34] Performing Preference /instance/org.eclipse.ui.editors/spellingEnabled = true
[2020-10-09 12:44:34] Performing Preference /instance/org.eclipse.ui.workbench/RUN_IN_BACKGROUND = false
[2020-10-09 12:44:34] 
[2020-10-09 12:55:14] Executing startup tasks
[2020-10-09 12:55:14] Java(TM) SE Runtime Environment 13.0.2+8
[2020-10-09 12:55:14] Product self.product.version
[2020-10-09 12:55:14] Workspace C:\Users\stein\OneDrive\Desktop\HR\2020_haust\MDSE\runtime-EclipseXtext
[2020-10-09 12:55:14] Bundle org.eclipse.oomph.setup 1.16.0.v20200105-1257, build=4498, branch=38f2c890a1185b53e8030f8fc331e19b6a71efe6
[2020-10-09 12:55:14] Bundle org.eclipse.oomph.setup.core 1.16.0.v20200110-0857, build=4498, branch=38f2c890a1185b53e8030f8fc331e19b6a71efe6
[2020-10-09 12:55:14] Bundle org.eclipse.oomph.setup.p2 1.14.0.v20200102-0955, build=4498, branch=38f2c890a1185b53e8030f8fc331e19b6a71efe6
[2020-10-09 12:55:14] Performing Preference /instance/org.eclipse.core.resources/encoding
[2020-10-09 12:55:14] 
[2020-10-09 13:00:06] Executing startup tasks
[2020-10-09 13:00:06] Java(TM) SE Runtime Environment 13.0.2+8
[2020-10-09 13:00:06] Product self.product.version
[2020-10-09 13:00:06] Workspace C:\Users\stein\OneDrive\Desktop\HR\2020_haust\MDSE\runtime-EclipseXtext
[2020-10-09 13:00:06] Bundle org.eclipse.oomph.setup 1.16.0.v20200105-1257, build=4498, branch=38f2c890a1185b53e8030f8fc331e19b6a71efe6
[2020-10-09 13:00:06] Bundle org.eclipse.oomph.setup.core 1.16.0.v20200110-0857, build=4498, branch=38f2c890a1185b53e8030f8fc331e19b6a71efe6
[2020-10-09 13:00:06] Bundle org.eclipse.oomph.setup.p2 1.14.0.v20200102-0955, build=4498, branch=38f2c890a1185b53e8030f8fc331e19b6a71efe6
[2020-10-09 13:00:07] Performing Preference /instance/org.eclipse.core.resources/encoding
[2020-10-09 13:00:07] 
[2020-10-09 13:02:33] Executing startup tasks
[2020-10-09 13:02:33] Java(TM) SE Runtime Environment 13.0.2+8
[2020-10-09 13:02:33] Product self.product.version
[2020-10-09 13:02:33] Workspace C:\Users\stein\OneDrive\Desktop\HR\2020_haust\MDSE\runtime-EclipseXtext
[2020-10-09 13:02:33] Bundle org.eclipse.oomph.setup 1.16.0.v20200105-1257, build=4498, branch=38f2c890a1185b53e8030f8fc331e19b6a71efe6
[2020-10-09 13:02:33] Bundle org.eclipse.oomph.setup.core 1.16.0.v20200110-0857, build=4498, branch=38f2c890a1185b53e8030f8fc331e19b6a71efe6
[2020-10-09 13:02:33] Bundle org.eclipse.oomph.setup.p2 1.14.0.v20200102-0955, build=4498, branch=38f2c890a1185b53e8030f8fc331e19b6a71efe6
[2020-10-09 13:02:33] Performing Preference /instance/org.eclipse.core.resources/encoding
[2020-10-09 13:02:33] 
[2020-10-09 13:35:32] Executing startup tasks
[2020-10-09 13:35:33] Java(TM) SE Runtime Environment 13.0.2+8
[2020-10-09 13:35:33] Product self.product.version
[2020-10-09 13:35:33] Workspace C:\Users\stein\OneDrive\Desktop\HR\2020_haust\MDSE\runtime-EclipseXtext
[2020-10-09 13:35:33] Bundle org.eclipse.oomph.setup 1.16.0.v20200105-1257, build=4498, branch=38f2c890a1185b53e8030f8fc331e19b6a71efe6
[2020-10-09 13:35:33] Bundle org.eclipse.oomph.setup.core 1.16.0.v20200110-0857, build=4498, branch=38f2c890a1185b53e8030f8fc331e19b6a71efe6
[2020-10-09 13:35:33] Bundle org.eclipse.oomph.setup.p2 1.14.0.v20200102-0955, build=4498, branch=38f2c890a1185b53e8030f8fc331e19b6a71efe6
[2020-10-09 13:35:33] Performing Preference /instance/org.eclipse.core.resources/encoding
[2020-10-09 13:35:33] 
[2020-10-09 13:38:36] Executing startup tasks
[2020-10-09 13:38:36] Java(TM) SE Runtime Environment 13.0.2+8
[2020-10-09 13:38:36] Product self.product.version
[2020-10-09 13:38:36] Workspace C:\Users\stein\OneDrive\Desktop\HR\2020_haust\MDSE\runtime-EclipseXtext
[2020-10-09 13:38:36] Bundle org.eclipse.oomph.setup 1.16.0.v20200105-1257, build=4498, branch=38f2c890a1185b53e8030f8fc331e19b6a71efe6
[2020-10-09 13:38:36] Bundle org.eclipse.oomph.setup.core 1.16.0.v20200110-0857, build=4498, branch=38f2c890a1185b53e8030f8fc331e19b6a71efe6
[2020-10-09 13:38:36] Bundle org.eclipse.oomph.setup.p2 1.14.0.v20200102-0955, build=4498, branch=38f2c890a1185b53e8030f8fc331e19b6a71efe6
[2020-10-09 13:38:36] Performing Preference /instance/org.eclipse.core.resources/encoding
[2020-10-09 13:38:36] 
[2020-10-09 13:40:32] Executing startup tasks
[2020-10-09 13:40:32] Java(TM) SE Runtime Environment 13.0.2+8
[2020-10-09 13:40:32] Product self.product.version
[2020-10-09 13:40:32] Workspace C:\Users\stein\OneDrive\Desktop\HR\2020_haust\MDSE\runtime-EclipseXtext
[2020-10-09 13:40:32] Bundle org.eclipse.oomph.setup 1.16.0.v20200105-1257, build=4498, branch=38f2c890a1185b53e8030f8fc331e19b6a71efe6
[2020-10-09 13:40:32] Bundle org.eclipse.oomph.setup.core 1.16.0.v20200110-0857, build=4498, branch=38f2c890a1185b53e8030f8fc331e19b6a71efe6
[2020-10-09 13:40:32] Bundle org.eclipse.oomph.setup.p2 1.14.0.v20200102-0955, build=4498, branch=38f2c890a1185b53e8030f8fc331e19b6a71efe6
[2020-10-09 13:40:32] Performing Preference /instance/org.eclipse.core.resources/encoding
[2020-10-09 13:40:32] 
[2020-10-09 13:42:02] Executing startup tasks
[2020-10-09 13:42:02] Java(TM) SE Runtime Environment 13.0.2+8
[2020-10-09 13:42:02] Product self.product.version
[2020-10-09 13:42:02] Workspace C:\Users\stein\OneDrive\Desktop\HR\2020_haust\MDSE\runtime-EclipseXtext
[2020-10-09 13:42:02] Bundle org.eclipse.oomph.setup 1.16.0.v20200105-1257, build=4498, branch=38f2c890a1185b53e8030f8fc331e19b6a71efe6
[2020-10-09 13:42:02] Bundle org.eclipse.oomph.setup.core 1.16.0.v20200110-0857, build=4498, branch=38f2c890a1185b53e8030f8fc331e19b6a71efe6
[2020-10-09 13:42:02] Bundle org.eclipse.oomph.setup.p2 1.14.0.v20200102-0955, build=4498, branch=38f2c890a1185b53e8030f8fc331e19b6a71efe6
[2020-10-09 13:42:02] Performing Preference /instance/org.eclipse.core.resources/encoding
[2020-10-09 13:42:02] 
[2020-10-09 13:44:30] Executing startup tasks
[2020-10-09 13:44:30] Java(TM) SE Runtime Environment 13.0.2+8
[2020-10-09 13:44:30] Product self.product.version
[2020-10-09 13:44:30] Workspace C:\Users\stein\OneDrive\Desktop\HR\2020_haust\MDSE\runtime-EclipseXtext
[2020-10-09 13:44:30] Bundle org.eclipse.oomph.setup 1.16.0.v20200105-1257, build=4498, branch=38f2c890a1185b53e8030f8fc331e19b6a71efe6
[2020-10-09 13:44:30] Bundle org.eclipse.oomph.setup.core 1.16.0.v20200110-0857, build=4498, branch=38f2c890a1185b53e8030f8fc331e19b6a71efe6
[2020-10-09 13:44:30] Bundle org.eclipse.oomph.setup.p2 1.14.0.v20200102-0955, build=4498, branch=38f2c890a1185b53e8030f8fc331e19b6a71efe6
[2020-10-09 13:44:30] Performing Preference /instance/org.eclipse.core.resources/encoding
[2020-10-09 13:44:30] 
[2020-10-09 13:45:39] Executing startup tasks
[2020-10-09 13:45:39] Java(TM) SE Runtime Environment 13.0.2+8
[2020-10-09 13:45:39] Product self.product.version
[2020-10-09 13:45:39] Workspace C:\Users\stein\OneDrive\Desktop\HR\2020_haust\MDSE\runtime-EclipseXtext
[2020-10-09 13:45:39] Bundle org.eclipse.oomph.setup 1.16.0.v20200105-1257, build=4498, branch=38f2c890a1185b53e8030f8fc331e19b6a71efe6
[2020-10-09 13:45:39] Bundle org.eclipse.oomph.setup.core 1.16.0.v20200110-0857, build=4498, branch=38f2c890a1185b53e8030f8fc331e19b6a71efe6
[2020-10-09 13:45:39] Bundle org.eclipse.oomph.setup.p2 1.14.0.v20200102-0955, build=4498, branch=38f2c890a1185b53e8030f8fc331e19b6a71efe6
[2020-10-09 13:45:39] Performing Preference /instance/org.eclipse.core.resources/encoding
[2020-10-09 13:45:39] 
[2020-10-09 13:49:00] Executing startup tasks
[2020-10-09 13:49:00] Java(TM) SE Runtime Environment 13.0.2+8
[2020-10-09 13:49:00] Product self.product.version
[2020-10-09 13:49:00] Workspace C:\Users\stein\OneDrive\Desktop\HR\2020_haust\MDSE\runtime-EclipseXtext
[2020-10-09 13:49:00] Bundle org.eclipse.oomph.setup 1.16.0.v20200105-1257, build=4498, branch=38f2c890a1185b53e8030f8fc331e19b6a71efe6
[2020-10-09 13:49:00] Bundle org.eclipse.oomph.setup.core 1.16.0.v20200110-0857, build=4498, branch=38f2c890a1185b53e8030f8fc331e19b6a71efe6
[2020-10-09 13:49:00] Bundle org.eclipse.oomph.setup.p2 1.14.0.v20200102-0955, build=4498, branch=38f2c890a1185b53e8030f8fc331e19b6a71efe6
[2020-10-09 13:49:00] Performing Preference /instance/org.eclipse.core.resources/encoding
[2020-10-09 13:49:00] 
[2020-10-09 13:52:05] Executing startup tasks
[2020-10-09 13:52:05] Java(TM) SE Runtime Environment 13.0.2+8
[2020-10-09 13:52:05] Product self.product.version
[2020-10-09 13:52:05] Workspace C:\Users\stein\OneDrive\Desktop\HR\2020_haust\MDSE\runtime-EclipseXtext
[2020-10-09 13:52:05] Bundle org.eclipse.oomph.setup 1.16.0.v20200105-1257, build=4498, branch=38f2c890a1185b53e8030f8fc331e19b6a71efe6
[2020-10-09 13:52:05] Bundle org.eclipse.oomph.setup.core 1.16.0.v20200110-0857, build=4498, branch=38f2c890a1185b53e8030f8fc331e19b6a71efe6
[2020-10-09 13:52:05] Bundle org.eclipse.oomph.setup.p2 1.14.0.v20200102-0955, build=4498, branch=38f2c890a1185b53e8030f8fc331e19b6a71efe6
[2020-10-09 13:52:05] Performing Preference /instance/org.eclipse.core.resources/encoding
[2020-10-09 13:52:05] 
[2020-10-11 00:09:48] Executing startup tasks
[2020-10-11 00:09:48] Java(TM) SE Runtime Environment 13.0.2+8
[2020-10-11 00:09:48] Product self.product.version
[2020-10-11 00:09:48] Workspace C:\Users\stein\OneDrive\Desktop\HR\2020_haust\MDSE\runtime-EclipseXtext
[2020-10-11 00:09:48] Bundle org.eclipse.oomph.setup 1.16.0.v20200105-1257, build=4498, branch=38f2c890a1185b53e8030f8fc331e19b6a71efe6
[2020-10-11 00:09:48] Bundle org.eclipse.oomph.setup.core 1.16.0.v20200110-0857, build=4498, branch=38f2c890a1185b53e8030f8fc331e19b6a71efe6
[2020-10-11 00:09:48] Bundle org.eclipse.oomph.setup.p2 1.14.0.v20200102-0955, build=4498, branch=38f2c890a1185b53e8030f8fc331e19b6a71efe6
[2020-10-11 00:09:48] Performing Preference /instance/org.eclipse.core.resources/encoding
[2020-10-11 00:09:49] 
[2020-10-11 00:12:15] Executing startup tasks
[2020-10-11 00:12:15] Java(TM) SE Runtime Environment 13.0.2+8
[2020-10-11 00:12:15] Product self.product.version
[2020-10-11 00:12:15] Workspace C:\Users\stein\OneDrive\Desktop\HR\2020_haust\MDSE\runtime-EclipseXtext
[2020-10-11 00:12:15] Bundle org.eclipse.oomph.setup 1.16.0.v20200105-1257, build=4498, branch=38f2c890a1185b53e8030f8fc331e19b6a71efe6
[2020-10-11 00:12:15] Bundle org.eclipse.oomph.setup.core 1.16.0.v20200110-0857, build=4498, branch=38f2c890a1185b53e8030f8fc331e19b6a71efe6
[2020-10-11 00:12:15] Bundle org.eclipse.oomph.setup.p2 1.14.0.v20200102-0955, build=4498, branch=38f2c890a1185b53e8030f8fc331e19b6a71efe6
[2020-10-11 00:12:15] Performing Preference /instance/org.eclipse.core.resources/encoding
[2020-10-11 00:12:15] 
[2020-10-11 00:16:31] Executing startup tasks
[2020-10-11 00:16:31] Java(TM) SE Runtime Environment 13.0.2+8
[2020-10-11 00:16:31] Product self.product.version
[2020-10-11 00:16:31] Workspace C:\Users\stein\OneDrive\Desktop\HR\2020_haust\MDSE\runtime-EclipseXtext
[2020-10-11 00:16:31] Bundle org.eclipse.oomph.setup 1.16.0.v20200105-1257, build=4498, branch=38f2c890a1185b53e8030f8fc331e19b6a71efe6
[2020-10-11 00:16:31] Bundle org.eclipse.oomph.setup.core 1.16.0.v20200110-0857, build=4498, branch=38f2c890a1185b53e8030f8fc331e19b6a71efe6
[2020-10-11 00:16:31] Bundle org.eclipse.oomph.setup.p2 1.14.0.v20200102-0955, build=4498, branch=38f2c890a1185b53e8030f8fc331e19b6a71efe6
[2020-10-11 00:16:31] Performing Preference /instance/org.eclipse.core.resources/encoding
[2020-10-11 00:16:31] 
[2020-10-11 00:24:19] Executing startup tasks
[2020-10-11 00:24:20] Java(TM) SE Runtime Environment 13.0.2+8
[2020-10-11 00:24:20] Product self.product.version
[2020-10-11 00:24:20] Workspace C:\Users\stein\OneDrive\Desktop\HR\2020_haust\MDSE\runtime-EclipseXtext
[2020-10-11 00:24:20] Bundle org.eclipse.oomph.setup 1.16.0.v20200105-1257, build=4498, branch=38f2c890a1185b53e8030f8fc331e19b6a71efe6
[2020-10-11 00:24:20] Bundle org.eclipse.oomph.setup.core 1.16.0.v20200110-0857, build=4498, branch=38f2c890a1185b53e8030f8fc331e19b6a71efe6
[2020-10-11 00:24:20] Bundle org.eclipse.oomph.setup.p2 1.14.0.v20200102-0955, build=4498, branch=38f2c890a1185b53e8030f8fc331e19b6a71efe6
[2020-10-11 00:24:20] Performing Preference /instance/org.eclipse.core.resources/encoding
[2020-10-11 00:24:20] 
[2020-10-11 00:26:24] Executing startup tasks
[2020-10-11 00:26:24] Java(TM) SE Runtime Environment 13.0.2+8
[2020-10-11 00:26:24] Product self.product.version
[2020-10-11 00:26:24] Workspace C:\Users\stein\OneDrive\Desktop\HR\2020_haust\MDSE\runtime-EclipseXtext
[2020-10-11 00:26:24] Bundle org.eclipse.oomph.setup 1.16.0.v20200105-1257, build=4498, branch=38f2c890a1185b53e8030f8fc331e19b6a71efe6
[2020-10-11 00:26:24] Bundle org.eclipse.oomph.setup.core 1.16.0.v20200110-0857, build=4498, branch=38f2c890a1185b53e8030f8fc331e19b6a71efe6
[2020-10-11 00:26:24] Bundle org.eclipse.oomph.setup.p2 1.14.0.v20200102-0955, build=4498, branch=38f2c890a1185b53e8030f8fc331e19b6a71efe6
[2020-10-11 00:26:25] Performing Preference /instance/org.eclipse.core.resources/encoding
[2020-10-11 00:26:25] 
[2020-10-11 00:31:36] Executing startup tasks
[2020-10-11 00:31:36] Java(TM) SE Runtime Environment 13.0.2+8
[2020-10-11 00:31:36] Product self.product.version
[2020-10-11 00:31:36] Workspace C:\Users\stein\OneDrive\Desktop\HR\2020_haust\MDSE\runtime-EclipseXtext
[2020-10-11 00:31:36] Bundle org.eclipse.oomph.setup 1.16.0.v20200105-1257, build=4498, branch=38f2c890a1185b53e8030f8fc331e19b6a71efe6
[2020-10-11 00:31:36] Bundle org.eclipse.oomph.setup.core 1.16.0.v20200110-0857, build=4498, branch=38f2c890a1185b53e8030f8fc331e19b6a71efe6
[2020-10-11 00:31:36] Bundle org.eclipse.oomph.setup.p2 1.14.0.v20200102-0955, build=4498, branch=38f2c890a1185b53e8030f8fc331e19b6a71efe6
[2020-10-11 00:31:36] Performing Preference /instance/org.eclipse.core.resources/encoding
[2020-10-11 00:31:36] 
[2020-10-11 00:32:35] Executing startup tasks
[2020-10-11 00:32:35] Java(TM) SE Runtime Environment 13.0.2+8
[2020-10-11 00:32:35] Product self.product.version
[2020-10-11 00:32:35] Workspace C:\Users\stein\OneDrive\Desktop\HR\2020_haust\MDSE\runtime-EclipseXtext
[2020-10-11 00:32:35] Bundle org.eclipse.oomph.setup 1.16.0.v20200105-1257, build=4498, branch=38f2c890a1185b53e8030f8fc331e19b6a71efe6
[2020-10-11 00:32:35] Bundle org.eclipse.oomph.setup.core 1.16.0.v20200110-0857, build=4498, branch=38f2c890a1185b53e8030f8fc331e19b6a71efe6
[2020-10-11 00:32:35] Bundle org.eclipse.oomph.setup.p2 1.14.0.v20200102-0955, build=4498, branch=38f2c890a1185b53e8030f8fc331e19b6a71efe6
[2020-10-11 00:32:35] Performing Preference /instance/org.eclipse.core.resources/encoding
[2020-10-11 00:32:35] 
[2020-10-11 00:34:33] Executing startup tasks
[2020-10-11 00:34:33] Java(TM) SE Runtime Environment 13.0.2+8
[2020-10-11 00:34:33] Product self.product.version
[2020-10-11 00:34:33] Workspace C:\Users\stein\OneDrive\Desktop\HR\2020_haust\MDSE\runtime-EclipseXtext
[2020-10-11 00:34:33] Bundle org.eclipse.oomph.setup 1.16.0.v20200105-1257, build=4498, branch=38f2c890a1185b53e8030f8fc331e19b6a71efe6
[2020-10-11 00:34:33] Bundle org.eclipse.oomph.setup.core 1.16.0.v20200110-0857, build=4498, branch=38f2c890a1185b53e8030f8fc331e19b6a71efe6
[2020-10-11 00:34:33] Bundle org.eclipse.oomph.setup.p2 1.14.0.v20200102-0955, build=4498, branch=38f2c890a1185b53e8030f8fc331e19b6a71efe6
[2020-10-11 00:34:33] Performing Preference /instance/org.eclipse.core.resources/encoding
[2020-10-11 00:34:33] 
[2020-10-11 00:37:19] Executing startup tasks
[2020-10-11 00:37:19] Java(TM) SE Runtime Environment 13.0.2+8
[2020-10-11 00:37:19] Product self.product.version
[2020-10-11 00:37:19] Workspace C:\Users\stein\OneDrive\Desktop\HR\2020_haust\MDSE\runtime-EclipseXtext
[2020-10-11 00:37:19] Bundle org.eclipse.oomph.setup 1.16.0.v20200105-1257, build=4498, branch=38f2c890a1185b53e8030f8fc331e19b6a71efe6
[2020-10-11 00:37:19] Bundle org.eclipse.oomph.setup.core 1.16.0.v20200110-0857, build=4498, branch=38f2c890a1185b53e8030f8fc331e19b6a71efe6
[2020-10-11 00:37:19] Bundle org.eclipse.oomph.setup.p2 1.14.0.v20200102-0955, build=4498, branch=38f2c890a1185b53e8030f8fc331e19b6a71efe6
[2020-10-11 00:37:19] Performing Preference /instance/org.eclipse.core.resources/encoding
[2020-10-11 00:37:19] 
[2020-10-11 00:39:28] Executing startup tasks
[2020-10-11 00:39:28] Java(TM) SE Runtime Environment 13.0.2+8
[2020-10-11 00:39:28] Product self.product.version
[2020-10-11 00:39:28] Workspace C:\Users\stein\OneDrive\Desktop\HR\2020_haust\MDSE\runtime-EclipseXtext
[2020-10-11 00:39:28] Bundle org.eclipse.oomph.setup 1.16.0.v20200105-1257, build=4498, branch=38f2c890a1185b53e8030f8fc331e19b6a71efe6
[2020-10-11 00:39:28] Bundle org.eclipse.oomph.setup.core 1.16.0.v20200110-0857, build=4498, branch=38f2c890a1185b53e8030f8fc331e19b6a71efe6
[2020-10-11 00:39:28] Bundle org.eclipse.oomph.setup.p2 1.14.0.v20200102-0955, build=4498, branch=38f2c890a1185b53e8030f8fc331e19b6a71efe6
[2020-10-11 00:39:28] Performing Preference /instance/org.eclipse.core.resources/encoding
[2020-10-11 00:39:28] 
[2020-10-11 00:43:57] Executing startup tasks
[2020-10-11 00:43:57] Java(TM) SE Runtime Environment 13.0.2+8
[2020-10-11 00:43:57] Product self.product.version
[2020-10-11 00:43:57] Workspace C:\Users\stein\OneDrive\Desktop\HR\2020_haust\MDSE\runtime-EclipseXtext
[2020-10-11 00:43:57] Bundle org.eclipse.oomph.setup 1.16.0.v20200105-1257, build=4498, branch=38f2c890a1185b53e8030f8fc331e19b6a71efe6
[2020-10-11 00:43:57] Bundle org.eclipse.oomph.setup.core 1.16.0.v20200110-0857, build=4498, branch=38f2c890a1185b53e8030f8fc331e19b6a71efe6
[2020-10-11 00:43:57] Bundle org.eclipse.oomph.setup.p2 1.14.0.v20200102-0955, build=4498, branch=38f2c890a1185b53e8030f8fc331e19b6a71efe6
[2020-10-11 00:43:57] Performing Preference /instance/org.eclipse.core.resources/encoding
[2020-10-11 00:43:57] 
