2020-10-09 11:14:15,249 [Worker-6: Loading available Gradle versions] INFO  o.e.b.c.i.u.g.PublishedGradleVersions - Gradle version information cache is out-of-date. Trying to update.
2020-10-11 00:08:08,902 [Worker-2: Loading available Gradle versions] INFO  o.e.b.c.i.u.g.PublishedGradleVersions - Gradle version information cache is out-of-date. Trying to update.
2020-10-11 15:12:45,311 [Worker-5: Loading available Gradle versions] INFO  o.e.b.c.i.u.g.PublishedGradleVersions - Gradle version information cache is up-to-date. Trying to read.
2020-10-12 09:59:55,841 [Worker-0: Loading available Gradle versions] INFO  o.e.b.c.i.u.g.PublishedGradleVersions - Gradle version information cache is out-of-date. Trying to update.
2020-10-24 14:52:33,894 [Worker-2: Loading available Gradle versions] INFO  o.e.b.c.i.u.g.PublishedGradleVersions - Gradle version information cache is out-of-date. Trying to update.
2020-10-25 16:44:06,595 [Worker-2: Loading available Gradle versions] INFO  o.e.b.c.i.u.g.PublishedGradleVersions - Gradle version information cache is out-of-date. Trying to update.
2020-10-25 18:10:49,843 [Worker-2: Loading available Gradle versions] INFO  o.e.b.c.i.u.g.PublishedGradleVersions - Gradle version information cache is up-to-date. Trying to read.
2020-10-28 11:40:24,208 [Worker-2: Loading available Gradle versions] INFO  o.e.b.c.i.u.g.PublishedGradleVersions - Gradle version information cache is out-of-date. Trying to update.
2020-10-28 20:48:57,622 [Worker-0: Loading available Gradle versions] INFO  o.e.b.c.i.u.g.PublishedGradleVersions - Gradle version information cache is up-to-date. Trying to read.
2020-10-28 22:06:03,352 [Start Help Server] INFO  org.eclipse.jetty.util.log - Logging initialized @4643710ms to org.eclipse.jetty.util.log.Slf4jLog
2020-10-28 22:06:03,458 [Start Help Server] INFO  org.eclipse.jetty.server.Server - jetty-9.4.24.v20191120; built: 2019-11-22T15:55:43.345Z; git: 363d5f2df3a8a28de40604320230664b9c793c16; jvm 13.0.2+8
2020-10-28 22:06:03,478 [Start Help Server] INFO  org.eclipse.jetty.server.session - DefaultSessionIdManager workerName=node0
2020-10-28 22:06:03,478 [Start Help Server] INFO  org.eclipse.jetty.server.session - No SessionScavenger set, using defaults
2020-10-28 22:06:03,479 [Start Help Server] INFO  org.eclipse.jetty.server.session - node0 Scavenging every 660000ms
2020-10-28 22:06:03,500 [Start Help Server] INFO  o.e.j.server.handler.ContextHandler - Started o.e.j.s.ServletContextHandler@79c134d3{/help,null,AVAILABLE}
2020-10-28 22:06:03,657 [Start Help Server] INFO  o.e.jetty.server.AbstractConnector - Started ServerConnector@23b9dc8e{HTTP/1.1,[http/1.1]}{127.0.0.1:61131}
2020-10-28 22:06:03,658 [Start Help Server] INFO  org.eclipse.jetty.server.Server - Started @4644017ms
2020-10-28 22:06:03,658 [Start Help Server] INFO  org.eclipse.jetty.server.session - node0 Scavenging every 726000ms
2020-10-28 22:32:20,843 [Stop Help Server] INFO  o.e.jetty.server.AbstractConnector - Stopped ServerConnector@23b9dc8e{HTTP/1.1,[http/1.1]}{127.0.0.1:0}
2020-10-28 22:32:20,843 [Stop Help Server] INFO  org.eclipse.jetty.server.session - node0 Stopped scavenging
2020-10-28 22:32:20,873 [Stop Help Server] INFO  o.e.j.server.handler.ContextHandler - Stopped o.e.j.s.ServletContextHandler@79c134d3{/help,null,UNAVAILABLE}
2020-10-31 11:11:52,277 [Worker-3: Loading available Gradle versions] INFO  o.e.b.c.i.u.g.PublishedGradleVersions - Gradle version information cache is out-of-date. Trying to update.
